<?xml version="1.0" encoding="UTF-8"?>
<!-- Generated by org.testng.reporters.JUnitXMLReporter -->
<testsuite ignored="1" hostname="LAPTOP-ATMKCNKF" failures="0" tests="2" name="Different testng feature test" time="0.085" errors="0" timestamp="2019-12-16T15:37:55 IST">
  <testcase classname="TESTNGG.TestNgFeatures" name="loginTest" time="0.006"/>
  <testcase classname="TESTNGG.TestNgFeatures" name="homePageTest" time="0.0"/>
  <testcase classname="TESTNGG.TestNgFeatures" name="searchPageTest" time="0.0">
    <ignored/>
  </testcase> <!-- searchPageTest -->
</testsuite> <!-- Different testng feature test -->
