<?xml version="1.0" encoding="UTF-8"?>
<!-- Generated by org.testng.reporters.JUnitXMLReporter -->
<testsuite ignored="0" hostname="LAPTOP-ATMKCNKF" failures="0" tests="6" name="Command line test" time="75.442" errors="0" timestamp="2019-11-23T12:01:48 IST">
  <testcase classname="TESTNGG.GoogleTest" name="googleTitleTest" time="0.012"/>
  <testcase classname="TESTNGG.GoogleTest" name="mailLinkTest" time="0.19"/>
  <testcase classname="TESTNGG.GoogleTest" name="googleLogoTest" time="0.089"/>
  <testcase classname="TESTNGG.GoogleTest" name="test1" time="0.0"/>
  <testcase classname="TESTNGG.GoogleTest" name="test2" time="0.0"/>
  <testcase classname="TESTNGG.GoogleTest" name="test3" time="0.001"/>
</testsuite> <!-- Command line test -->
